
       __                __                 
      / /   ____  ____  / /_  ____  _____   
     / /   / __ `/ __ `/ __ \/ __ \/ ___/ 
    / /___/ /_/ / /_/ / / / / /_/ (__  )    
   /_____/\__,_/\__, /_/ /_/\____/____/  
               /____/                       

Options used:
   --dimension 2
   --mesh default
   --refine-serial 4
   --refine-parallel 0
   --cartesian-partitioning ''
   --problem 1
   --order-kinematic 2
   --order-thermo 1
   --order-intrule -1
   --ode-solver 4
   --t-final 0.6
   --cfl 0.5
   --cg-tol 1e-08
   --ftz-tol 0
   --cg-max-steps 300
   --max-steps -1
   --partial-assembly
   --no-impose-viscosity
   --no-visualization
   --visualization-steps 5
   --no-visit
   --no-print
   --outputfilename results/Laghos
   --partition 0
   --device cpu
   --no-checks
   --no-mem
   --no-fom
   --no-gpu-aware-mpi
   --dev 0
Device configuration: cpu
Memory configuration: host-std
Number of zones in the serial mesh: 1024
Non-Cartesian partitioning through METIS will be used.
Zones min/max: 32 32
Number of kinematic (position, velocity) dofs: 8450
Number of specific internal energy dofs: 4096
step     5,	t = 0.0008,	dt = 0.000159,	|e| = 8.9807981938e+02
step    10,	t = 0.0016,	dt = 0.000159,	|e| = 7.8039039210e+02
Repeating step 14
step    15,	t = 0.0023,	dt = 0.000135,	|e| = 7.0661977548e+02
step    20,	t = 0.0030,	dt = 0.000135,	|e| = 6.5820866646e+02
step    25,	t = 0.0037,	dt = 0.000135,	|e| = 6.2064851985e+02
step    30,	t = 0.0044,	dt = 0.000135,	|e| = 5.9001082014e+02
Repeating step 35
step    35,	t = 0.0050,	dt = 0.000115,	|e| = 5.6507010100e+02
Repeating step 36
Repeating step 38
step    40,	t = 0.0055,	dt = 0.000085,	|e| = 5.4998426800e+02
Repeating step 43
step    45,	t = 0.0059,	dt = 0.000073,	|e| = 5.3822237872e+02
step    50,	t = 0.0062,	dt = 0.000073,	|e| = 5.2790393760e+02
step    55,	t = 0.0066,	dt = 0.000073,	|e| = 5.1830297758e+02
Repeating step 60
Repeating step 60
Repeating step 60
Repeating step 60
step    60,	t = 0.0069,	dt = 0.000039,	|e| = 5.1016964630e+02
Repeating step 61
Repeating step 61
Repeating step 61
Repeating step 61
Repeating step 64
step    65,	t = 0.0070,	dt = 0.000018,	|e| = 5.0785884924e+02
step    70,	t = 0.0071,	dt = 0.000020,	|e| = 5.0565827086e+02
step    75,	t = 0.0072,	dt = 0.000020,	|e| = 5.0336365311e+02
step    80,	t = 0.0073,	dt = 0.000021,	|e| = 5.0104614006e+02
step    85,	t = 0.0074,	dt = 0.000022,	|e| = 4.9868845117e+02
Repeating step 87
step    90,	t = 0.0075,	dt = 0.000019,	|e| = 4.9656931650e+02
step    95,	t = 0.0076,	dt = 0.000019,	|e| = 4.9453112714e+02
step   100,	t = 0.0077,	dt = 0.000019,	|e| = 4.9250241191e+02
step   105,	t = 0.0078,	dt = 0.000019,	|e| = 4.9050676690e+02
step   110,	t = 0.0079,	dt = 0.000019,	|e| = 4.8854339735e+02
step   115,	t = 0.0080,	dt = 0.000020,	|e| = 4.8661155655e+02
step   120,	t = 0.0081,	dt = 0.000020,	|e| = 4.8467260077e+02
step   125,	t = 0.0082,	dt = 0.000020,	|e| = 4.8272696382e+02
step   130,	t = 0.0083,	dt = 0.000021,	|e| = 4.8078249264e+02
step   135,	t = 0.0084,	dt = 0.000021,	|e| = 4.7883157912e+02
step   140,	t = 0.0085,	dt = 0.000021,	|e| = 4.7688241379e+02
step   145,	t = 0.0086,	dt = 0.000022,	|e| = 4.7493535150e+02
step   150,	t = 0.0087,	dt = 0.000022,	|e| = 4.7298287580e+02
step   155,	t = 0.0089,	dt = 0.000023,	|e| = 4.7103298153e+02
step   160,	t = 0.0090,	dt = 0.000023,	|e| = 4.6907862728e+02
step   165,	t = 0.0091,	dt = 0.000024,	|e| = 4.6712013786e+02
step   170,	t = 0.0092,	dt = 0.000024,	|e| = 4.6515765467e+02
step   175,	t = 0.0093,	dt = 0.000025,	|e| = 4.6318314883e+02
step   180,	t = 0.0094,	dt = 0.000025,	|e| = 4.6120576466e+02
step   185,	t = 0.0096,	dt = 0.000026,	|e| = 4.5922481020e+02
step   190,	t = 0.0097,	dt = 0.000026,	|e| = 4.5724050352e+02
step   195,	t = 0.0098,	dt = 0.000027,	|e| = 4.5525325857e+02
step   200,	t = 0.0100,	dt = 0.000027,	|e| = 4.5326357015e+02
step   205,	t = 0.0101,	dt = 0.000028,	|e| = 4.5126394449e+02
step   210,	t = 0.0102,	dt = 0.000028,	|e| = 4.4925490386e+02
step   215,	t = 0.0104,	dt = 0.000029,	|e| = 4.4724359923e+02
step   220,	t = 0.0105,	dt = 0.000030,	|e| = 4.4523086142e+02
step   225,	t = 0.0107,	dt = 0.000031,	|e| = 4.4320857279e+02
step   230,	t = 0.0108,	dt = 0.000031,	|e| = 4.4118513671e+02
step   235,	t = 0.0110,	dt = 0.000031,	|e| = 4.3916926523e+02
step   240,	t = 0.0112,	dt = 0.000032,	|e| = 4.3716934255e+02
step   245,	t = 0.0113,	dt = 0.000032,	|e| = 4.3518565218e+02
step   250,	t = 0.0115,	dt = 0.000033,	|e| = 4.3322637223e+02
step   255,	t = 0.0116,	dt = 0.000033,	|e| = 4.3128298484e+02
step   260,	t = 0.0118,	dt = 0.000033,	|e| = 4.2937645580e+02
step   265,	t = 0.0120,	dt = 0.000033,	|e| = 4.2746840189e+02
step   270,	t = 0.0121,	dt = 0.000034,	|e| = 4.2559552325e+02
step   275,	t = 0.0123,	dt = 0.000034,	|e| = 4.2372029141e+02
step   280,	t = 0.0125,	dt = 0.000035,	|e| = 4.2186477305e+02
step   285,	t = 0.0126,	dt = 0.000035,	|e| = 4.2002148555e+02
step   290,	t = 0.0128,	dt = 0.000035,	|e| = 4.1819000400e+02
step   295,	t = 0.0130,	dt = 0.000035,	|e| = 4.1637696827e+02
step   300,	t = 0.0132,	dt = 0.000035,	|e| = 4.1459552687e+02
step   305,	t = 0.0133,	dt = 0.000036,	|e| = 4.1284515784e+02
step   310,	t = 0.0135,	dt = 0.000036,	|e| = 4.1109088523e+02
step   315,	t = 0.0137,	dt = 0.000036,	|e| = 4.0936659312e+02
step   320,	t = 0.0139,	dt = 0.000036,	|e| = 4.0767143684e+02
step   325,	t = 0.0141,	dt = 0.000037,	|e| = 4.0597827446e+02
step   330,	t = 0.0143,	dt = 0.000037,	|e| = 4.0430632816e+02
step   335,	t = 0.0144,	dt = 0.000037,	|e| = 4.0266179093e+02
step   340,	t = 0.0146,	dt = 0.000037,	|e| = 4.0104411275e+02
step   345,	t = 0.0148,	dt = 0.000037,	|e| = 3.9942130005e+02
step   350,	t = 0.0150,	dt = 0.000037,	|e| = 3.9782544284e+02
step   355,	t = 0.0152,	dt = 0.000038,	|e| = 3.9623100360e+02
step   360,	t = 0.0154,	dt = 0.000039,	|e| = 3.9465690527e+02
step   365,	t = 0.0156,	dt = 0.000039,	|e| = 3.9307819011e+02
step   370,	t = 0.0158,	dt = 0.000040,	|e| = 3.9151372817e+02
step   375,	t = 0.0160,	dt = 0.000040,	|e| = 3.8995755329e+02
step   380,	t = 0.0162,	dt = 0.000040,	|e| = 3.8840377412e+02
step   385,	t = 0.0164,	dt = 0.000041,	|e| = 3.8685312147e+02
step   390,	t = 0.0166,	dt = 0.000042,	|e| = 3.8530667740e+02
step   395,	t = 0.0168,	dt = 0.000043,	|e| = 3.8376561079e+02
step   400,	t = 0.0170,	dt = 0.000044,	|e| = 3.8222456794e+02
step   405,	t = 0.0172,	dt = 0.000045,	|e| = 3.8068288689e+02
step   410,	t = 0.0174,	dt = 0.000046,	|e| = 3.7914668703e+02
step   415,	t = 0.0177,	dt = 0.000046,	|e| = 3.7760496971e+02
step   420,	t = 0.0179,	dt = 0.000047,	|e| = 3.7605454283e+02
step   425,	t = 0.0182,	dt = 0.000048,	|e| = 3.7449501524e+02
step   430,	t = 0.0184,	dt = 0.000050,	|e| = 3.7293211062e+02
step   435,	t = 0.0186,	dt = 0.000051,	|e| = 3.7135409556e+02
step   440,	t = 0.0189,	dt = 0.000052,	|e| = 3.6976786880e+02
step   445,	t = 0.0192,	dt = 0.000054,	|e| = 3.6816790939e+02
step   450,	t = 0.0194,	dt = 0.000056,	|e| = 3.6654834457e+02
step   455,	t = 0.0197,	dt = 0.000057,	|e| = 3.6492914047e+02
step   460,	t = 0.0200,	dt = 0.000059,	|e| = 3.6329180112e+02
step   465,	t = 0.0203,	dt = 0.000061,	|e| = 3.6163712250e+02
step   470,	t = 0.0206,	dt = 0.000063,	|e| = 3.5995937889e+02
step   475,	t = 0.0209,	dt = 0.000065,	|e| = 3.5827894189e+02
step   480,	t = 0.0213,	dt = 0.000066,	|e| = 3.5657594124e+02
step   485,	t = 0.0216,	dt = 0.000069,	|e| = 3.5487073360e+02
step   490,	t = 0.0220,	dt = 0.000070,	|e| = 3.5314963389e+02
step   495,	t = 0.0223,	dt = 0.000072,	|e| = 3.5142658659e+02
step   500,	t = 0.0227,	dt = 0.000073,	|e| = 3.4970120845e+02
step   505,	t = 0.0230,	dt = 0.000075,	|e| = 3.4797360401e+02
step   510,	t = 0.0234,	dt = 0.000076,	|e| = 3.4625026287e+02
step   515,	t = 0.0238,	dt = 0.000078,	|e| = 3.4453078463e+02
step   520,	t = 0.0242,	dt = 0.000079,	|e| = 3.4281492714e+02
step   525,	t = 0.0246,	dt = 0.000081,	|e| = 3.4110223701e+02
step   530,	t = 0.0250,	dt = 0.000081,	|e| = 3.3941943174e+02
step   535,	t = 0.0254,	dt = 0.000081,	|e| = 3.3777159520e+02
step   540,	t = 0.0258,	dt = 0.000081,	|e| = 3.3615732879e+02
step   545,	t = 0.0262,	dt = 0.000083,	|e| = 3.3457510823e+02
step   550,	t = 0.0266,	dt = 0.000083,	|e| = 3.3299360889e+02
step   555,	t = 0.0271,	dt = 0.000084,	|e| = 3.3143796281e+02
step   560,	t = 0.0275,	dt = 0.000086,	|e| = 3.2988466366e+02
step   565,	t = 0.0279,	dt = 0.000088,	|e| = 3.2833375385e+02
step   570,	t = 0.0283,	dt = 0.000089,	|e| = 3.2678620108e+02
step   575,	t = 0.0288,	dt = 0.000091,	|e| = 3.2524229886e+02
step   580,	t = 0.0292,	dt = 0.000093,	|e| = 3.2370270158e+02
step   585,	t = 0.0297,	dt = 0.000095,	|e| = 3.2216160658e+02
step   590,	t = 0.0302,	dt = 0.000097,	|e| = 3.2062553868e+02
step   595,	t = 0.0307,	dt = 0.000099,	|e| = 3.1908863262e+02
step   600,	t = 0.0312,	dt = 0.000103,	|e| = 3.1755125927e+02
step   605,	t = 0.0317,	dt = 0.000105,	|e| = 3.1600759258e+02
step   610,	t = 0.0322,	dt = 0.000107,	|e| = 3.1446397989e+02
step   615,	t = 0.0328,	dt = 0.000109,	|e| = 3.1292024910e+02
step   620,	t = 0.0333,	dt = 0.000113,	|e| = 3.1137656247e+02
step   625,	t = 0.0339,	dt = 0.000116,	|e| = 3.0982687515e+02
step   630,	t = 0.0345,	dt = 0.000118,	|e| = 3.0827734211e+02
step   635,	t = 0.0351,	dt = 0.000120,	|e| = 3.0672807809e+02
step   640,	t = 0.0357,	dt = 0.000125,	|e| = 3.0517314434e+02
step   645,	t = 0.0363,	dt = 0.000128,	|e| = 3.0361266018e+02
step   650,	t = 0.0370,	dt = 0.000130,	|e| = 3.0205881555e+02
step   655,	t = 0.0376,	dt = 0.000133,	|e| = 3.0051144115e+02
step   660,	t = 0.0383,	dt = 0.000135,	|e| = 2.9897647677e+02
step   665,	t = 0.0390,	dt = 0.000138,	|e| = 2.9745364555e+02
step   670,	t = 0.0396,	dt = 0.000141,	|e| = 2.9593668406e+02
step   675,	t = 0.0403,	dt = 0.000141,	|e| = 2.9442556710e+02
step   680,	t = 0.0411,	dt = 0.000144,	|e| = 2.9292615590e+02
step   685,	t = 0.0418,	dt = 0.000147,	|e| = 2.9143825006e+02
step   690,	t = 0.0425,	dt = 0.000149,	|e| = 2.8996164379e+02
step   695,	t = 0.0433,	dt = 0.000152,	|e| = 2.8849616218e+02
step   700,	t = 0.0440,	dt = 0.000155,	|e| = 2.8704168918e+02
step   705,	t = 0.0448,	dt = 0.000155,	|e| = 2.8559240173e+02
step   710,	t = 0.0456,	dt = 0.000159,	|e| = 2.8415404559e+02
step   715,	t = 0.0464,	dt = 0.000162,	|e| = 2.8272661790e+02
step   720,	t = 0.0472,	dt = 0.000165,	|e| = 2.8131014891e+02
step   725,	t = 0.0481,	dt = 0.000168,	|e| = 2.7990469237e+02
step   730,	t = 0.0489,	dt = 0.000172,	|e| = 2.7851033905e+02
step   735,	t = 0.0498,	dt = 0.000172,	|e| = 2.7712180195e+02
step   740,	t = 0.0506,	dt = 0.000175,	|e| = 2.7574486091e+02
step   745,	t = 0.0515,	dt = 0.000179,	|e| = 2.7437442474e+02
step   750,	t = 0.0524,	dt = 0.000182,	|e| = 2.7301604010e+02
step   755,	t = 0.0533,	dt = 0.000186,	|e| = 2.7166428531e+02
step   760,	t = 0.0543,	dt = 0.000190,	|e| = 2.7032433335e+02
step   765,	t = 0.0552,	dt = 0.000190,	|e| = 2.6900103610e+02
step   770,	t = 0.0562,	dt = 0.000190,	|e| = 2.6770882573e+02
step   775,	t = 0.0571,	dt = 0.000193,	|e| = 2.6644102537e+02
step   780,	t = 0.0581,	dt = 0.000197,	|e| = 2.6517672145e+02
step   785,	t = 0.0591,	dt = 0.000201,	|e| = 2.6390551865e+02
step   790,	t = 0.0601,	dt = 0.000209,	|e| = 2.6262712335e+02
step   795,	t = 0.0612,	dt = 0.000213,	|e| = 2.6133630807e+02
step   800,	t = 0.0623,	dt = 0.000218,	|e| = 2.6004805383e+02
step   805,	t = 0.0634,	dt = 0.000222,	|e| = 2.5876706243e+02
step   810,	t = 0.0645,	dt = 0.000227,	|e| = 2.5748796663e+02
step   815,	t = 0.0656,	dt = 0.000231,	|e| = 2.5621566678e+02
step   820,	t = 0.0668,	dt = 0.000236,	|e| = 2.5494993072e+02
step   825,	t = 0.0679,	dt = 0.000236,	|e| = 2.5368423177e+02
step   830,	t = 0.0691,	dt = 0.000240,	|e| = 2.5242426641e+02
step   835,	t = 0.0703,	dt = 0.000240,	|e| = 2.5118523781e+02
step   840,	t = 0.0715,	dt = 0.000240,	|e| = 2.4997142278e+02
step   845,	t = 0.0728,	dt = 0.000240,	|e| = 2.4878203181e+02
step   850,	t = 0.0740,	dt = 0.000245,	|e| = 2.4760673459e+02
step   855,	t = 0.0752,	dt = 0.000255,	|e| = 2.4641767174e+02
step   860,	t = 0.0765,	dt = 0.000265,	|e| = 2.4521530722e+02
step   865,	t = 0.0778,	dt = 0.000271,	|e| = 2.4399997503e+02
step   870,	t = 0.0792,	dt = 0.000271,	|e| = 2.4279116712e+02
step   875,	t = 0.0806,	dt = 0.000276,	|e| = 2.4158886130e+02
step   880,	t = 0.0820,	dt = 0.000282,	|e| = 2.4039784809e+02
step   885,	t = 0.0834,	dt = 0.000287,	|e| = 2.3921349868e+02
step   890,	t = 0.0848,	dt = 0.000287,	|e| = 2.3803592519e+02
step   895,	t = 0.0863,	dt = 0.000293,	|e| = 2.3686512282e+02
step   900,	t = 0.0877,	dt = 0.000293,	|e| = 2.3571467757e+02
step   905,	t = 0.0892,	dt = 0.000293,	|e| = 2.3458831155e+02
step   910,	t = 0.0907,	dt = 0.000293,	|e| = 2.3348510178e+02
step   915,	t = 0.0921,	dt = 0.000305,	|e| = 2.3239132049e+02
step   920,	t = 0.0937,	dt = 0.000317,	|e| = 2.3127662698e+02
step   925,	t = 0.0953,	dt = 0.000324,	|e| = 2.3015445211e+02
step   930,	t = 0.0969,	dt = 0.000324,	|e| = 2.2903391965e+02
step   935,	t = 0.0985,	dt = 0.000330,	|e| = 2.2791915720e+02
step   940,	t = 0.1002,	dt = 0.000337,	|e| = 2.2681417412e+02
step   945,	t = 0.1019,	dt = 0.000343,	|e| = 2.2571429069e+02
step   950,	t = 0.1036,	dt = 0.000343,	|e| = 2.2462040341e+02
step   955,	t = 0.1053,	dt = 0.000350,	|e| = 2.2353226923e+02
step   960,	t = 0.1071,	dt = 0.000350,	|e| = 2.2246237889e+02
step   965,	t = 0.1089,	dt = 0.000350,	|e| = 2.2141426929e+02
step   970,	t = 0.1106,	dt = 0.000350,	|e| = 2.2038699023e+02
step   975,	t = 0.1124,	dt = 0.000364,	|e| = 2.1935965823e+02
step   980,	t = 0.1142,	dt = 0.000379,	|e| = 2.1831193764e+02
step   985,	t = 0.1162,	dt = 0.000387,	|e| = 2.1725642735e+02
step   990,	t = 0.1181,	dt = 0.000394,	|e| = 2.1620994420e+02
step   995,	t = 0.1201,	dt = 0.000394,	|e| = 2.1516415014e+02
step  1000,	t = 0.1221,	dt = 0.000402,	|e| = 2.1412733281e+02
step  1005,	t = 0.1241,	dt = 0.000410,	|e| = 2.1309543521e+02
step  1010,	t = 0.1261,	dt = 0.000410,	|e| = 2.1207263198e+02
step  1015,	t = 0.1282,	dt = 0.000410,	|e| = 2.1107080525e+02
step  1020,	t = 0.1302,	dt = 0.000410,	|e| = 2.1008925522e+02
step  1025,	t = 0.1323,	dt = 0.000410,	|e| = 2.0912719134e+02
step  1030,	t = 0.1344,	dt = 0.000427,	|e| = 2.0816136681e+02
step  1035,	t = 0.1366,	dt = 0.000444,	|e| = 2.0717669823e+02
step  1040,	t = 0.1388,	dt = 0.000453,	|e| = 2.0618520809e+02
step  1045,	t = 0.1411,	dt = 0.000462,	|e| = 2.0519872011e+02
step  1050,	t = 0.1434,	dt = 0.000471,	|e| = 2.0421726210e+02
step  1055,	t = 0.1458,	dt = 0.000471,	|e| = 2.0324095712e+02
step  1060,	t = 0.1482,	dt = 0.000481,	|e| = 2.0227351768e+02
step  1065,	t = 0.1506,	dt = 0.000481,	|e| = 2.0131871532e+02
step  1070,	t = 0.1530,	dt = 0.000481,	|e| = 2.0038361610e+02
step  1075,	t = 0.1554,	dt = 0.000481,	|e| = 1.9946745265e+02
step  1080,	t = 0.1578,	dt = 0.000490,	|e| = 1.9856247029e+02
step  1085,	t = 0.1603,	dt = 0.000520,	|e| = 1.9764360540e+02
step  1090,	t = 0.1629,	dt = 0.000520,	|e| = 1.9671094512e+02
step  1095,	t = 0.1655,	dt = 0.000531,	|e| = 1.9579373621e+02
step  1100,	t = 0.1683,	dt = 0.000552,	|e| = 1.9485548071e+02
step  1105,	t = 0.1710,	dt = 0.000563,	|e| = 1.9392588189e+02
step  1110,	t = 0.1739,	dt = 0.000586,	|e| = 1.9297177345e+02
step  1115,	t = 0.1768,	dt = 0.000586,	|e| = 1.9202736863e+02
step  1120,	t = 0.1798,	dt = 0.000586,	|e| = 1.9110317461e+02
step  1125,	t = 0.1827,	dt = 0.000586,	|e| = 1.9019828823e+02
step  1130,	t = 0.1856,	dt = 0.000586,	|e| = 1.8931188888e+02
step  1135,	t = 0.1886,	dt = 0.000598,	|e| = 1.8843638179e+02
step  1140,	t = 0.1916,	dt = 0.000598,	|e| = 1.8756818431e+02
step  1145,	t = 0.1946,	dt = 0.000610,	|e| = 1.8671050699e+02
step  1150,	t = 0.1977,	dt = 0.000634,	|e| = 1.8584974790e+02
Repeating step 1155
step  1155,	t = 0.2008,	dt = 0.000550,	|e| = 1.8499887252e+02
step  1160,	t = 0.2036,	dt = 0.000572,	|e| = 1.8425254889e+02
step  1165,	t = 0.2065,	dt = 0.000584,	|e| = 1.8348716933e+02
step  1170,	t = 0.2094,	dt = 0.000595,	|e| = 1.8273279524e+02
step  1175,	t = 0.2124,	dt = 0.000595,	|e| = 1.8197731482e+02
step  1180,	t = 0.2154,	dt = 0.000607,	|e| = 1.8123253916e+02
step  1185,	t = 0.2184,	dt = 0.000632,	|e| = 1.8048656741e+02
Repeating step 1190
step  1190,	t = 0.2215,	dt = 0.000537,	|e| = 1.7975022967e+02
step  1195,	t = 0.2242,	dt = 0.000537,	|e| = 1.7911577002e+02
step  1200,	t = 0.2269,	dt = 0.000581,	|e| = 1.7847604227e+02
step  1205,	t = 0.2299,	dt = 0.000605,	|e| = 1.7779229029e+02
Repeating step 1209
Repeating step 1210
Repeating step 1210
step  1210,	t = 0.2326,	dt = 0.000379,	|e| = 1.7718284386e+02
step  1215,	t = 0.2345,	dt = 0.000410,	|e| = 1.7675173023e+02
step  1220,	t = 0.2367,	dt = 0.000453,	|e| = 1.7628290980e+02
step  1225,	t = 0.2390,	dt = 0.000500,	|e| = 1.7577164492e+02
step  1230,	t = 0.2416,	dt = 0.000541,	|e| = 1.7521697289e+02
step  1235,	t = 0.2444,	dt = 0.000563,	|e| = 1.7463686391e+02
step  1240,	t = 0.2473,	dt = 0.000586,	|e| = 1.7403517063e+02
step  1245,	t = 0.2502,	dt = 0.000586,	|e| = 1.7343568808e+02
Repeating step 1248
Repeating step 1248
step  1250,	t = 0.2527,	dt = 0.000440,	|e| = 1.7293458618e+02
step  1255,	t = 0.2549,	dt = 0.000467,	|e| = 1.7249072220e+02
Repeating step 1256
step  1260,	t = 0.2569,	dt = 0.000405,	|e| = 1.7209330059e+02
step  1265,	t = 0.2590,	dt = 0.000447,	|e| = 1.7168258559e+02
step  1270,	t = 0.2614,	dt = 0.000494,	|e| = 1.7123429526e+02
step  1275,	t = 0.2639,	dt = 0.000545,	|e| = 1.7074548411e+02
step  1280,	t = 0.2667,	dt = 0.000545,	|e| = 1.7023378379e+02
step  1285,	t = 0.2694,	dt = 0.000556,	|e| = 1.6972889920e+02
step  1290,	t = 0.2723,	dt = 0.000602,	|e| = 1.6920009380e+02
Repeating step 1293
Repeating step 1293
step  1295,	t = 0.2748,	dt = 0.000435,	|e| = 1.6874746658e+02
step  1300,	t = 0.2770,	dt = 0.000435,	|e| = 1.6835932388e+02
step  1305,	t = 0.2792,	dt = 0.000480,	|e| = 1.6795939432e+02
Repeating step 1310
step  1310,	t = 0.2816,	dt = 0.000451,	|e| = 1.6753614481e+02
step  1315,	t = 0.2839,	dt = 0.000478,	|e| = 1.6714174387e+02
step  1320,	t = 0.2864,	dt = 0.000528,	|e| = 1.6671607226e+02
step  1325,	t = 0.2891,	dt = 0.000549,	|e| = 1.6625735054e+02
step  1330,	t = 0.2919,	dt = 0.000571,	|e| = 1.6579345616e+02
step  1335,	t = 0.2948,	dt = 0.000583,	|e| = 1.6531702018e+02
Repeating step 1337
Repeating step 1337
step  1340,	t = 0.2971,	dt = 0.000430,	|e| = 1.6494363737e+02
step  1345,	t = 0.2992,	dt = 0.000430,	|e| = 1.6459731276e+02
step  1350,	t = 0.3014,	dt = 0.000430,	|e| = 1.6425428057e+02
step  1355,	t = 0.3035,	dt = 0.000447,	|e| = 1.6391312442e+02
step  1360,	t = 0.3059,	dt = 0.000493,	|e| = 1.6354875131e+02
step  1365,	t = 0.3084,	dt = 0.000545,	|e| = 1.6315064271e+02
step  1370,	t = 0.3113,	dt = 0.000590,	|e| = 1.6271605592e+02
step  1375,	t = 0.3142,	dt = 0.000590,	|e| = 1.6226947146e+02
step  1380,	t = 0.3172,	dt = 0.000590,	|e| = 1.6182818426e+02
Repeating step 1385
Repeating step 1385
step  1385,	t = 0.3200,	dt = 0.000443,	|e| = 1.6140477378e+02
step  1390,	t = 0.3222,	dt = 0.000443,	|e| = 1.6108003919e+02
step  1395,	t = 0.3245,	dt = 0.000443,	|e| = 1.6075809673e+02
step  1400,	t = 0.3267,	dt = 0.000470,	|e| = 1.6043508625e+02
step  1405,	t = 0.3291,	dt = 0.000480,	|e| = 1.6009406758e+02
step  1410,	t = 0.3315,	dt = 0.000480,	|e| = 1.5975487249e+02
step  1415,	t = 0.3340,	dt = 0.000530,	|e| = 1.5940515230e+02
step  1420,	t = 0.3367,	dt = 0.000585,	|e| = 1.5902289039e+02
step  1425,	t = 0.3397,	dt = 0.000585,	|e| = 1.5862172249e+02
step  1430,	t = 0.3426,	dt = 0.000597,	|e| = 1.5822491405e+02
Repeating step 1433
Repeating step 1433
step  1435,	t = 0.3451,	dt = 0.000431,	|e| = 1.5789090890e+02
step  1440,	t = 0.3472,	dt = 0.000431,	|e| = 1.5760381743e+02
step  1445,	t = 0.3494,	dt = 0.000431,	|e| = 1.5731893062e+02
step  1450,	t = 0.3516,	dt = 0.000457,	|e| = 1.5703278851e+02
step  1455,	t = 0.3539,	dt = 0.000457,	|e| = 1.5673508060e+02
step  1460,	t = 0.3562,	dt = 0.000476,	|e| = 1.5643145718e+02
step  1465,	t = 0.3586,	dt = 0.000515,	|e| = 1.5611945503e+02
step  1470,	t = 0.3613,	dt = 0.000547,	|e| = 1.5578878803e+02
step  1475,	t = 0.3641,	dt = 0.000580,	|e| = 1.5543289822e+02
step  1480,	t = 0.3670,	dt = 0.000580,	|e| = 1.5507230398e+02
step  1485,	t = 0.3699,	dt = 0.000580,	|e| = 1.5471547325e+02
Repeating step 1486
step  1490,	t = 0.3724,	dt = 0.000503,	|e| = 1.5441029751e+02
step  1495,	t = 0.3749,	dt = 0.000503,	|e| = 1.5410665663e+02
step  1500,	t = 0.3774,	dt = 0.000503,	|e| = 1.5380571143e+02
step  1505,	t = 0.3799,	dt = 0.000513,	|e| = 1.5350622618e+02
step  1510,	t = 0.3825,	dt = 0.000513,	|e| = 1.5320465371e+02
step  1515,	t = 0.3851,	dt = 0.000555,	|e| = 1.5289850822e+02
step  1520,	t = 0.3879,	dt = 0.000555,	|e| = 1.5257799053e+02
step  1525,	t = 0.3908,	dt = 0.000601,	|e| = 1.5224762843e+02
step  1530,	t = 0.3938,	dt = 0.000601,	|e| = 1.5190754225e+02
Repeating step 1535
step  1535,	t = 0.3967,	dt = 0.000511,	|e| = 1.5158101370e+02
step  1540,	t = 0.3993,	dt = 0.000511,	|e| = 1.5129755633e+02
step  1545,	t = 0.4018,	dt = 0.000511,	|e| = 1.5101655863e+02
step  1550,	t = 0.4044,	dt = 0.000511,	|e| = 1.5073798052e+02
step  1555,	t = 0.4069,	dt = 0.000511,	|e| = 1.5046178005e+02
step  1560,	t = 0.4095,	dt = 0.000511,	|e| = 1.5018791320e+02
step  1565,	t = 0.4121,	dt = 0.000542,	|e| = 1.4991198679e+02
step  1570,	t = 0.4149,	dt = 0.000575,	|e| = 1.4961824544e+02
step  1575,	t = 0.4179,	dt = 0.000623,	|e| = 1.4930562634e+02
Repeating step 1576
step  1580,	t = 0.4205,	dt = 0.000529,	|e| = 1.4903173194e+02
step  1585,	t = 0.4232,	dt = 0.000562,	|e| = 1.4875683149e+02
Repeating step 1589
step  1590,	t = 0.4259,	dt = 0.000487,	|e| = 1.4848389393e+02
step  1595,	t = 0.4283,	dt = 0.000487,	|e| = 1.4823799641e+02
step  1600,	t = 0.4307,	dt = 0.000487,	|e| = 1.4799391818e+02
step  1605,	t = 0.4332,	dt = 0.000487,	|e| = 1.4775163285e+02
step  1610,	t = 0.4356,	dt = 0.000517,	|e| = 1.4750822042e+02
step  1615,	t = 0.4383,	dt = 0.000527,	|e| = 1.4725087243e+02
step  1620,	t = 0.4409,	dt = 0.000527,	|e| = 1.4699452023e+02
step  1625,	t = 0.4436,	dt = 0.000548,	|e| = 1.4673913819e+02
step  1630,	t = 0.4463,	dt = 0.000582,	|e| = 1.4647341639e+02
step  1635,	t = 0.4493,	dt = 0.000606,	|e| = 1.4618931558e+02
step  1640,	t = 0.4524,	dt = 0.000606,	|e| = 1.4590433280e+02
Repeating step 1642
step  1645,	t = 0.4551,	dt = 0.000525,	|e| = 1.4565174415e+02
step  1650,	t = 0.4577,	dt = 0.000525,	|e| = 1.4540851262e+02
step  1655,	t = 0.4603,	dt = 0.000525,	|e| = 1.4516706402e+02
step  1660,	t = 0.4629,	dt = 0.000525,	|e| = 1.4492737235e+02
step  1665,	t = 0.4656,	dt = 0.000525,	|e| = 1.4468941270e+02
step  1670,	t = 0.4682,	dt = 0.000536,	|e| = 1.4445316153e+02
step  1675,	t = 0.4709,	dt = 0.000546,	|e| = 1.4421010864e+02
step  1680,	t = 0.4737,	dt = 0.000568,	|e| = 1.4396303254e+02
step  1685,	t = 0.4765,	dt = 0.000568,	|e| = 1.4371296194e+02
step  1690,	t = 0.4794,	dt = 0.000568,	|e| = 1.4346479567e+02
step  1695,	t = 0.4823,	dt = 0.000580,	|e| = 1.4321458858e+02
step  1700,	t = 0.4852,	dt = 0.000580,	|e| = 1.4296533352e+02
step  1705,	t = 0.4881,	dt = 0.000580,	|e| = 1.4271799958e+02
step  1710,	t = 0.4910,	dt = 0.000580,	|e| = 1.4247256578e+02
step  1715,	t = 0.4939,	dt = 0.000580,	|e| = 1.4222900967e+02
step  1720,	t = 0.4967,	dt = 0.000580,	|e| = 1.4198730758e+02
step  1725,	t = 0.4996,	dt = 0.000580,	|e| = 1.4174743527e+02
step  1730,	t = 0.5025,	dt = 0.000580,	|e| = 1.4150936819e+02
step  1735,	t = 0.5054,	dt = 0.000591,	|e| = 1.4127308225e+02
step  1740,	t = 0.5085,	dt = 0.000640,	|e| = 1.4102415838e+02
Repeating step 1743
step  1745,	t = 0.5114,	dt = 0.000544,	|e| = 1.4079037875e+02
step  1750,	t = 0.5142,	dt = 0.000544,	|e| = 1.4057357490e+02
step  1755,	t = 0.5169,	dt = 0.000544,	|e| = 1.4035826252e+02
step  1760,	t = 0.5196,	dt = 0.000544,	|e| = 1.4014442571e+02
step  1765,	t = 0.5223,	dt = 0.000544,	|e| = 1.3993204940e+02
step  1770,	t = 0.5250,	dt = 0.000544,	|e| = 1.3972111889e+02
step  1775,	t = 0.5278,	dt = 0.000544,	|e| = 1.3951161924e+02
step  1780,	t = 0.5305,	dt = 0.000555,	|e| = 1.3930270562e+02
step  1785,	t = 0.5333,	dt = 0.000577,	|e| = 1.3908767225e+02
step  1790,	t = 0.5362,	dt = 0.000577,	|e| = 1.3886991326e+02
step  1795,	t = 0.5391,	dt = 0.000589,	|e| = 1.3865368906e+02
step  1800,	t = 0.5421,	dt = 0.000613,	|e| = 1.3842853661e+02
step  1805,	t = 0.5452,	dt = 0.000613,	|e| = 1.3820238820e+02
step  1810,	t = 0.5482,	dt = 0.000613,	|e| = 1.3797788982e+02
step  1815,	t = 0.5513,	dt = 0.000613,	|e| = 1.3775501626e+02
step  1820,	t = 0.5544,	dt = 0.000613,	|e| = 1.3753374397e+02
step  1825,	t = 0.5574,	dt = 0.000613,	|e| = 1.3731405127e+02
step  1830,	t = 0.5605,	dt = 0.000613,	|e| = 1.3709591835e+02
step  1835,	t = 0.5636,	dt = 0.000613,	|e| = 1.3687932675e+02
step  1840,	t = 0.5666,	dt = 0.000613,	|e| = 1.3666426014e+02
step  1845,	t = 0.5697,	dt = 0.000613,	|e| = 1.3645070197e+02
step  1850,	t = 0.5727,	dt = 0.000613,	|e| = 1.3623863579e+02
step  1855,	t = 0.5758,	dt = 0.000613,	|e| = 1.3602804661e+02
step  1860,	t = 0.5789,	dt = 0.000613,	|e| = 1.3581891815e+02
step  1865,	t = 0.5819,	dt = 0.000613,	|e| = 1.3561123429e+02
step  1870,	t = 0.5850,	dt = 0.000613,	|e| = 1.3540497800e+02
step  1875,	t = 0.5881,	dt = 0.000613,	|e| = 1.3520013148e+02
step  1880,	t = 0.5911,	dt = 0.000613,	|e| = 1.3499667606e+02
step  1885,	t = 0.5942,	dt = 0.000613,	|e| = 1.3479459380e+02
step  1890,	t = 0.5973,	dt = 0.000613,	|e| = 1.3459386662e+02
step  1895,	t = 0.6000,	dt = 0.000303,	|e| = 1.3441494304e+02

CG (H1) total time: 6.0926070090
CG (H1) rate (megadofs x cg_iterations / second): 183.9675197078

CG (L2) total time: 0.3544384640
CG (L2) rate (megadofs x cg_iterations / second): 268.0370040200

Forces total time: 0.2184614360
Forces rate (megadofs x timesteps / second): 444.0402561485

UpdateQuadData total time: 1.0160823820
UpdateQuadData rate (megaquads x timesteps / second): 125.3048633216

Major kernels total time (seconds): 7.3009830100
Major kernels total rate (megadofs x time steps / second): 184.2447152880

Energy  diff: 3.61e-05
